Flutter crash report.
Please report a bug at https://github.com/flutter/flutter/issues.

## command

flutter --no-color pub get

## exception

_CastError: type 'Null' is not a subtype of type 'String' in type cast

```
#0      new WebPlugin.fromYaml (package:flutter_tools/src/platform_plugins.dart:548:34)
#1      new Plugin._fromMultiPlatformYaml (package:flutter_tools/src/plugins.dart:142:21)
#2      new Plugin.fromYaml (package:flutter_tools/src/plugins.dart:78:21)
#3      _pluginFromPackage (package:flutter_tools/src/flutter_plugins.dart:63:17)
#4      findPlugins (package:flutter_tools/src/flutter_plugins.dart:88:28)
<asynchronous suspension>
#5      refreshPluginsList (package:flutter_tools/src/flutter_plugins.dart:1080:32)
<asynchronous suspension>
#6      FlutterProject.ensureReadyForPlatformSpecificTooling (package:flutter_tools/src/project.dart:357:5)
<asynchronous suspension>
#7      PackagesGetCommand.runCommand (package:flutter_tools/src/commands/packages.dart:179:5)
<asynchronous suspension>
#8      FlutterCommand.run.<anonymous closure> (package:flutter_tools/src/runner/flutter_command.dart:1257:27)
<asynchronous suspension>
#9      AppContext.run.<anonymous closure> (package:flutter_tools/src/base/context.dart:150:19)
<asynchronous suspension>
#10     CommandRunner.runCommand (package:args/command_runner.dart:209:13)
<asynchronous suspension>
#11     FlutterCommandRunner.runCommand.<anonymous closure> (package:flutter_tools/src/runner/flutter_command_runner.dart:283:9)
<asynchronous suspension>
#12     AppContext.run.<anonymous closure> (package:flutter_tools/src/base/context.dart:150:19)
<asynchronous suspension>
#13     FlutterCommandRunner.runCommand (package:flutter_tools/src/runner/flutter_command_runner.dart:229:5)
<asynchronous suspension>
#14     run.<anonymous closure>.<anonymous closure> (package:flutter_tools/runner.dart:64:9)
<asynchronous suspension>
#15     AppContext.run.<anonymous closure> (package:flutter_tools/src/base/context.dart:150:19)
<asynchronous suspension>
#16     main (package:flutter_tools/executable.dart:91:3)
<asynchronous suspension>
```

## flutter doctor

```
[✓] Flutter (Channel stable, 3.7.6, on Microsoft Windows [Version 10.0.22621.1265], locale en-US)
    • Flutter version 3.7.6 on channel stable at C:\Dev\Flutter\flutter
    • Upstream repository https://github.com/flutter/flutter.git
    • Framework revision 12cb4eb7a0 (5 weeks ago), 2023-03-01 10:29:26 -0800
    • Engine revision ada363ee93
    • Dart version 2.19.3
    • DevTools version 2.20.1

[✓] Windows Version (Installed version of Windows is version 10 or higher)

[✓] Android toolchain - develop for Android devices (Android SDK version 33.0.0)
    • Android SDK at C:\Users\ahmed\AppData\Local\Android\Sdk
    • Platform android-33, build-tools 33.0.0
    • Java binary at: C:\Program Files\Android\Android Studio\jre\bin\java
    • Java version OpenJDK Runtime Environment (build 11.0.12+7-b1504.28-7817840)
    • All Android licenses accepted.

[✓] Chrome - develop for the web
    • Chrome at C:\Program Files\Google\Chrome\Application\chrome.exe

[✓] Visual Studio - develop for Windows (Visual Studio Community 2022 17.4.2)
    • Visual Studio at C:\Program Files\Microsoft Visual Studio\2022\Community
    • Visual Studio Community 2022 version 17.4.33122.133
    • Windows 10 SDK version 10.0.22000.0

[✓] Android Studio (version 2021.2)
    • Android Studio at C:\Program Files\Android\Android Studio
    • Flutter plugin can be installed from:
      🔨 https://plugins.jetbrains.com/plugin/9212-flutter
    • Dart plugin can be installed from:
      🔨 https://plugins.jetbrains.com/plugin/6351-dart
    • Java version OpenJDK Runtime Environment (build 11.0.12+7-b1504.28-7817840)

[✓] VS Code (version 1.77.0)
    • VS Code at C:\Users\ahmed\AppData\Local\Programs\Microsoft VS Code
    • Flutter extension version 3.46.0

[✓] Connected device (3 available)
    • Windows (desktop) • windows • windows-x64    • Microsoft Windows [Version 10.0.22621.1265]
    • Chrome (web)      • chrome  • web-javascript • Google Chrome 111.0.5563.147
    • Edge (web)        • edge    • web-javascript • Microsoft Edge 110.0.1587.69

[✓] HTTP Host Availability
    • All required HTTP hosts are available

• No issues found!
```
